1557117390573	mozrunner::runner	INFO	Running command: "/Applications/Firefox.app/Contents/MacOS/firefox-bin" "-marionette" "-foreground" "-no-remote" "-profile" "/var/folders/f4/02bg3fh92ds51cb_0p49l6cr0000gn/T/rust_mozprofile.hwklzjkLPjoC"
1557117391153	addons.webextension.screenshots@mozilla.org	WARN	Loading extension 'screenshots@mozilla.org': Reading manifest: Invalid host permission: resource://pdf.js/
1557117391153	addons.webextension.screenshots@mozilla.org	WARN	Loading extension 'screenshots@mozilla.org': Reading manifest: Invalid host permission: about:reader*
Can't find symbol 'GetGraphicsResetStatus'.
1557117392934	Marionette	INFO	Listening on port 56340
1557117393036	Marionette	WARN	TLS certificate errors will be ignored for this session
1557117497607	mozrunner::runner	INFO	Running command: "/Applications/Firefox.app/Contents/MacOS/firefox-bin" "-marionette" "-foreground" "-no-remote" "-profile" "/var/folders/f4/02bg3fh92ds51cb_0p49l6cr0000gn/T/rust_mozprofile.M2JUcFeWIKUi"
[GFX1-]: Receive IPC close with reason=AbnormalShutdown
[GFX1-]: Receive IPC close with reason=AbnormalShutdown
Exiting due to channel error.
Exiting due to channel error.
1557117599449	mozrunner::runner	INFO	Running command: "/Applications/Firefox.app/Contents/MacOS/firefox-bin" "-marionette" "-foreground" "-no-remote" "-profile" "/var/folders/f4/02bg3fh92ds51cb_0p49l6cr0000gn/T/rust_mozprofile.rg1hoskBplrr"
1557117599993	addons.webextension.screenshots@mozilla.org	WARN	Loading extension 'screenshots@mozilla.org': Reading manifest: Invalid host permission: resource://pdf.js/
1557117599993	addons.webextension.screenshots@mozilla.org	WARN	Loading extension 'screenshots@mozilla.org': Reading manifest: Invalid host permission: about:reader*
Can't find symbol 'GetGraphicsResetStatus'.
1557117601630	Marionette	INFO	Listening on port 57071
1557117601711	Marionette	WARN	TLS certificate errors will be ignored for this session
1557117914603	mozrunner::runner	INFO	Running command: "/Applications/Firefox.app/Contents/MacOS/firefox-bin" "-marionette" "-foreground" "-no-remote" "-profile" "/var/folders/f4/02bg3fh92ds51cb_0p49l6cr0000gn/T/rust_mozprofile.3nYcFBpHJrkj"
1557117960384	addons.webextension.screenshots@mozilla.org	WARN	Loading extension 'screenshots@mozilla.org': Reading manifest: Invalid host permission: resource://pdf.js/
1557117960384	addons.webextension.screenshots@mozilla.org	WARN	Loading extension 'screenshots@mozilla.org': Reading manifest: Invalid host permission: about:reader*
[GFX1-]: Receive IPC close with reason=AbnormalShutdown
Exiting due to channel error.
Can't find symbol 'GetGraphicsResetStatus'.
[GFX1-]: [OPENGL] Failed to init compositor with reason: FEATURE_FAILURE_OPENGL_CREATE_CONTEXT
1557119831505	mozrunner::runner	INFO	Running command: "/Applications/Firefox.app/Contents/MacOS/firefox-bin" "-marionette" "-foreground" "-no-remote" "-profile" "/var/folders/f4/02bg3fh92ds51cb_0p49l6cr0000gn/T/rust_mozprofile.A1I1WnXGVMIg"
1557119862479	addons.webextension.screenshots@mozilla.org	WARN	Loading extension 'screenshots@mozilla.org': Reading manifest: Invalid host permission: resource://pdf.js/
1557119862479	addons.webextension.screenshots@mozilla.org	WARN	Loading extension 'screenshots@mozilla.org': Reading manifest: Invalid host permission: about:reader*
[GFX1-]: [OPENGL] Failed to init compositor with reason: FEATURE_FAILURE_OPENGL_CREATE_CONTEXT
Can't find symbol 'GetGraphicsResetStatus'.
1557119880157	Marionette	INFO	Listening on port 58400
1557119880214	Marionette	WARN	TLS certificate errors will be ignored for this session
[GFX1-]: [OPENGL] Failed to init compositor with reason: FEATURE_FAILURE_OPENGL_CREATE_CONTEXT
console.error: BroadcastService: 
  receivedBroadcastMessage: handler for
  remote-settings/monitor_changes
  threw error:
  Message: Error: Polling for changes failed: NetworkError when attempting to fetch resource..
  Stack:
    remoteSettingsFunction/remoteSettings.pollChanges@resource://services-settings/remote-settings.js:188:13

1557120794841	mozrunner::runner	INFO	Running command: "/Applications/Firefox.app/Contents/MacOS/firefox-bin" "-marionette" "-foreground" "-no-remote" "-profile" "/var/folders/f4/02bg3fh92ds51cb_0p49l6cr0000gn/T/rust_mozprofile.zq4TUssUJnoJ"
1557120825683	addons.webextension.screenshots@mozilla.org	WARN	Loading extension 'screenshots@mozilla.org': Reading manifest: Invalid host permission: resource://pdf.js/
1557120825684	addons.webextension.screenshots@mozilla.org	WARN	Loading extension 'screenshots@mozilla.org': Reading manifest: Invalid host permission: about:reader*
[GFX1-]: [OPENGL] Failed to init compositor with reason: FEATURE_FAILURE_OPENGL_CREATE_CONTEXT
Can't find symbol 'GetGraphicsResetStatus'.
1557120838160	Marionette	INFO	Listening on port 59545
1557120838179	Marionette	WARN	TLS certificate errors will be ignored for this session
1557121290899	mozrunner::runner	INFO	Running command: "/Applications/Firefox.app/Contents/MacOS/firefox-bin" "-marionette" "-foreground" "-no-remote" "-profile" "/var/folders/f4/02bg3fh92ds51cb_0p49l6cr0000gn/T/rust_mozprofile.d9Zeeg7v6NA7"
console.error: BroadcastService: 
  receivedBroadcastMessage: handler for
  remote-settings/monitor_changes
  threw error:
  Message: Error: Polling for changes failed: NetworkError when attempting to fetch resource..
  Stack:
    remoteSettingsFunction/remoteSettings.pollChanges@resource://services-settings/remote-settings.js:188:13

console.error: BroadcastService: 
  receivedBroadcastMessage: handler for
  remote-settings/monitor_changes
  threw error:
  Message: Error: Polling for changes failed: NetworkError when attempting to fetch resource..
  Stack:
    remoteSettingsFunction/remoteSettings.pollChanges@resource://services-settings/remote-settings.js:188:13

1557121321573	addons.webextension.screenshots@mozilla.org	WARN	Loading extension 'screenshots@mozilla.org': Reading manifest: Invalid host permission: resource://pdf.js/
1557121321573	addons.webextension.screenshots@mozilla.org	WARN	Loading extension 'screenshots@mozilla.org': Reading manifest: Invalid host permission: about:reader*
[GFX1-]: [OPENGL] Failed to init compositor with reason: FEATURE_FAILURE_OPENGL_CREATE_CONTEXT
Can't find symbol 'GetGraphicsResetStatus'.
1557121323694	Marionette	INFO	Listening on port 60133
1557121323782	Marionette	WARN	TLS certificate errors will be ignored for this session
1557121328592	mozrunner::runner	INFO	Running command: "/Applications/Firefox.app/Contents/MacOS/firefox-bin" "-marionette" "-foreground" "-no-remote" "-profile" "/var/folders/f4/02bg3fh92ds51cb_0p49l6cr0000gn/T/rust_mozprofile.WsqZgeRXMBSm"
1557121359280	addons.webextension.screenshots@mozilla.org	WARN	Loading extension 'screenshots@mozilla.org': Reading manifest: Invalid host permission: resource://pdf.js/
1557121359281	addons.webextension.screenshots@mozilla.org	WARN	Loading extension 'screenshots@mozilla.org': Reading manifest: Invalid host permission: about:reader*
[GFX1-]: [OPENGL] Failed to init compositor with reason: FEATURE_FAILURE_OPENGL_CREATE_CONTEXT
Can't find symbol 'GetGraphicsResetStatus'.
1557121361286	Marionette	INFO	Listening on port 60504
1557121361377	Marionette	WARN	TLS certificate errors will be ignored for this session
1557121490177	Marionette	INFO	Stopped listening on port 60504
1557121492437	Marionette	INFO	Stopped listening on port 60133
1557121495319	Marionette	INFO	Stopped listening on port 59545
1557121497762	Marionette	INFO	Stopped listening on port 58400
1557121502943	Marionette	INFO	Stopped listening on port 57071
1557121522432	mozrunner::runner	INFO	Running command: "/Applications/Firefox.app/Contents/MacOS/firefox-bin" "-marionette" "-foreground" "-no-remote" "-profile" "/var/folders/f4/02bg3fh92ds51cb_0p49l6cr0000gn/T/rust_mozprofile.G4G6RNmjczft"
1557121523073	addons.webextension.screenshots@mozilla.org	WARN	Loading extension 'screenshots@mozilla.org': Reading manifest: Invalid host permission: resource://pdf.js/
1557121523073	addons.webextension.screenshots@mozilla.org	WARN	Loading extension 'screenshots@mozilla.org': Reading manifest: Invalid host permission: about:reader*
[GFX1-]: [OPENGL] Failed to init compositor with reason: FEATURE_FAILURE_OPENGL_CREATE_CONTEXT
1557121555085	Marionette	INFO	Listening on port 60919
1557121555168	Marionette	WARN	TLS certificate errors will be ignored for this session
1557121557442	Marionette	INFO	Stopped listening on port 60919
JavaScript error: resource://gre/modules/WebProgressChild.jsm, line 58: TypeError: this.mm.content is null
1557121597686	mozrunner::runner	INFO	Running command: "/Applications/Firefox.app/Contents/MacOS/firefox-bin" "-marionette" "-foreground" "-no-remote" "-profile" "/var/folders/f4/02bg3fh92ds51cb_0p49l6cr0000gn/T/rust_mozprofile.3FOjGRlfViqZ"
1557121598244	addons.webextension.screenshots@mozilla.org	WARN	Loading extension 'screenshots@mozilla.org': Reading manifest: Invalid host permission: resource://pdf.js/
1557121598244	addons.webextension.screenshots@mozilla.org	WARN	Loading extension 'screenshots@mozilla.org': Reading manifest: Invalid host permission: about:reader*
[GFX1-]: [OPENGL] Failed to init compositor with reason: FEATURE_FAILURE_OPENGL_CREATE_CONTEXT
1557121630201	Marionette	INFO	Listening on port 61296
1557121630259	Marionette	WARN	TLS certificate errors will be ignored for this session
1557121689811	Marionette	INFO	Stopped listening on port 61296
1557121734227	mozrunner::runner	INFO	Running command: "/Applications/Firefox.app/Contents/MacOS/firefox-bin" "-marionette" "-foreground" "-no-remote" "-profile" "/var/folders/f4/02bg3fh92ds51cb_0p49l6cr0000gn/T/rust_mozprofile.dO8XPrxwnFvN"
1557121734985	addons.webextension.screenshots@mozilla.org	WARN	Loading extension 'screenshots@mozilla.org': Reading manifest: Invalid host permission: resource://pdf.js/
1557121734985	addons.webextension.screenshots@mozilla.org	WARN	Loading extension 'screenshots@mozilla.org': Reading manifest: Invalid host permission: about:reader*
[GFX1-]: [OPENGL] Failed to init compositor with reason: FEATURE_FAILURE_OPENGL_CREATE_CONTEXT
1557121767142	Marionette	INFO	Listening on port 61693
1557121767232	Marionette	WARN	TLS certificate errors will be ignored for this session
1557122796015	Marionette	INFO	Stopped listening on port 61693
1557122816399	mozrunner::runner	INFO	Running command: "/Applications/Firefox.app/Contents/MacOS/firefox-bin" "-marionette" "-foreground" "-no-remote" "-profile" "/var/folders/f4/02bg3fh92ds51cb_0p49l6cr0000gn/T/rust_mozprofile.Xd8VfYMVb0eW"
1557122816966	addons.webextension.screenshots@mozilla.org	WARN	Loading extension 'screenshots@mozilla.org': Reading manifest: Invalid host permission: resource://pdf.js/
1557122816967	addons.webextension.screenshots@mozilla.org	WARN	Loading extension 'screenshots@mozilla.org': Reading manifest: Invalid host permission: about:reader*
[GFX1-]: [OPENGL] Failed to init compositor with reason: FEATURE_FAILURE_OPENGL_CREATE_CONTEXT
[GFX1-]: Receive IPC close with reason=AbnormalShutdown
Exiting due to channel error.
1557122895048	mozrunner::runner	INFO	Running command: "/Applications/Firefox.app/Contents/MacOS/firefox-bin" "-marionette" "-foreground" "-no-remote" "-profile" "/var/folders/f4/02bg3fh92ds51cb_0p49l6cr0000gn/T/rust_mozprofile.SkrnbMHexMLR"
1557122895585	addons.webextension.screenshots@mozilla.org	WARN	Loading extension 'screenshots@mozilla.org': Reading manifest: Invalid host permission: resource://pdf.js/
1557122895585	addons.webextension.screenshots@mozilla.org	WARN	Loading extension 'screenshots@mozilla.org': Reading manifest: Invalid host permission: about:reader*
[GFX1-]: [OPENGL] Failed to init compositor with reason: FEATURE_FAILURE_OPENGL_CREATE_CONTEXT
1557122927539	Marionette	INFO	Listening on port 62746
1557122927605	Marionette	WARN	TLS certificate errors will be ignored for this session
console.error: BroadcastService: 
  receivedBroadcastMessage: handler for
  remote-settings/monitor_changes
  threw error:
  Message: Error: Polling for changes failed: NetworkError when attempting to fetch resource..
  Stack:
    remoteSettingsFunction/remoteSettings.pollChanges@resource://services-settings/remote-settings.js:188:13

1557125103124	Marionette	INFO	Stopped listening on port 62746
1557140632394	mozrunner::runner	INFO	Running command: "/Applications/Firefox.app/Contents/MacOS/firefox-bin" "-marionette" "-foreground" "-no-remote" "-profile" "/var/folders/f4/02bg3fh92ds51cb_0p49l6cr0000gn/T/rust_mozprofile.MzRvaPdrkpWU"
1557140633089	addons.webextension.screenshots@mozilla.org	WARN	Loading extension 'screenshots@mozilla.org': Reading manifest: Invalid host permission: resource://pdf.js/
1557140633089	addons.webextension.screenshots@mozilla.org	WARN	Loading extension 'screenshots@mozilla.org': Reading manifest: Invalid host permission: about:reader*
Can't find symbol 'GetGraphicsResetStatus'.
1557140634862	Marionette	INFO	Listening on port 51382
1557140634956	Marionette	WARN	TLS certificate errors will be ignored for this session
console.error: BroadcastService: 
  receivedBroadcastMessage: handler for
  remote-settings/monitor_changes
  threw error:
  Message: Error: Polling for changes failed: NetworkError when attempting to fetch resource..
  Stack:
    remoteSettingsFunction/remoteSettings.pollChanges@resource://services-settings/remote-settings.js:188:13

1557143321612	Marionette	INFO	Stopped listening on port 51382
